<?xml version='1.0' encoding='UTF-8' ?>
<testsuite name="com.example.dogglers.ButtonTests" tests="6" failures="1" errors="0" skipped="0" time="7.015" timestamp="2022-07-31T22:54:16" hostname="localhost">
  <properties>
    <property name="device" value="Pixel_4_API_31(AVD) - 12" />
    <property name="flavor" value="" />
    <property name="project" value=":app" />
  </properties>
  <testcase name="grid_list_button_is_displayed" classname="com.example.dogglers.ButtonTests" time="0.537" />
  <testcase name="clicking_horizontal_list_button_displays_horizontal_list" classname="com.example.dogglers.ButtonTests" time="1.059" />
  <testcase name="clicking_grid_list_button_displays_grid_list" classname="com.example.dogglers.ButtonTests" time="0.973" />
  <testcase name="clicking_vertical_list_button_displays_vertical_list" classname="com.example.dogglers.ButtonTests" time="0.522">
    <failure>androidx.test.espresso.NoMatchingViewException: No views in hierarchy found matching: view.getId() is &lt;2131231206/com.example.dogglers:id/vertical_recycler_view&gt;

View Hierarchy:
+&gt;DecorView{id=-1, visibility=VISIBLE, width=1080, height=2280, has-focus=false, has-focusable=true, has-window-focus=true, is-clickable=false, is-enabled=true, is-focused=false, is-focusable=false, is-layout-requested=false, is-selected=false, layout-params={(0,0)(fillxfill) ty=BASE_APPLICATION wanim=0x10302fe
fl=LAYOUT_IN_SCREEN LAYOUT_INSET_DECOR SPLIT_TOUCH HARDWARE_ACCELERATED DRAWS_SYSTEM_BAR_BACKGROUNDS
pfl=NO_MOVE_ANIMATION FORCE_DRAW_STATUS_BAR_BACKGROUND FIT_INSETS_CONTROLLED
bhv=DEFAULT
fitSides=}, tag=null, root-is-layout-requested=false, has-input-connection=false, x=0.0, y=0.0, child-count=3}
|
+-&gt;LinearLayout{id=-1, visibility=VISIBLE, width=1080, height=2148, has-focus=false, has-focusable=true, has-window-focus=true, is-clickable=false, is-enabled=true, is-focused=false, is-focusable=false, is-layout-requested=false, is-selected=false, layout-params=android.widget.FrameLayout$LayoutParams&#64;dd4c281, tag=null, root-is-layout-requested=false, has-input-connection=false, x=0.0, y=0.0, child-count=2}
|
+--&gt;ViewStub{id=16908720, res-name=action_mode_bar_stub, visibility=GONE, width=0, height=0, has-focus=false, has-focusable=false, has-window-focus=true, is-clickable=false, is-enabled=true, is-focused=false, is-focusable=false, is-layout-requested=true, is-selected=false, layout-params=android.widget.LinearLayout$LayoutParams&#64;7a04f26, tag=null, root-is-layout-requested=false, has-input-connection=false, x=0.0, y=0.0}
|
+--&gt;FrameLayout{id=-1, visibility=VISIBLE, width=1080, height=2082, has-focus=false, has-focusable=true, has-window-focus=true, is-clickable=false, is-enabled=true, is-focused=false, is-focusable=false, is-layout-requested=false, is-selected=false, layout-params=android.widget.LinearLayout$LayoutParams&#64;6456914, tag=null, root-is-layout-requested=false, has-input-connection=false, x=0.0, y=66.0, child-count=1}
|
+---&gt;ActionBarOverlayLayout{id=2131230866, res-name=decor_content_parent, visibility=VISIBLE, width=1080, height=2082, has-focus=false, has-focusable=true, has-window-focus=true, is-clickable=false, is-enabled=true, is-focused=false, is-focusable=false, is-layout-requested=false, is-selected=false, layout-params=android.widget.FrameLayout$LayoutParams&#64;e062303, tag=null, root-is-layout-requested=false, has-input-connection=false, x=0.0, y=0.0, child-count=2}
|
+----&gt;ContentFrameLayout{id=16908290, res-name=content, visibility=VISIBLE, width=1080, height=1928, has-focus=false, has-focusable=true, has-window-focus=true, is-clickable=false, is-enabled=true, is-focused=false, is-focusable=false, is-layout-requested=false, is-selected=false, layout-params=androidx.appcompat.widget.ActionBarOverlayLayout$LayoutParams&#64;35640b9, tag=null, root-is-layout-requested=false, has-input-connection=false, x=0.0, y=154.0, child-count=1}
|
+-----&gt;ConstraintLayout{id=-1, visibility=VISIBLE, width=1080, height=1928, has-focus=false, has-focusable=true, has-window-focus=true, is-clickable=false, is-enabled=true, is-focused=false, is-focusable=false, is-layout-requested=false, is-selected=false, layout-params=android.widget.FrameLayout$LayoutParams&#64;b912f75, tag=null, root-is-layout-requested=false, has-input-connection=false, x=0.0, y=0.0, child-count=3}
|
+------&gt;MaterialButton{id=2131230947, res-name=horizontal_btn, visibility=VISIBLE, width=688, height=132, has-focus=false, has-focusable=true, has-window-focus=true, is-clickable=true, is-enabled=true, is-focused=false, is-focusable=true, is-layout-requested=false, is-selected=false, layout-params=androidx.constraintlayout.widget.ConstraintLayout$LayoutParams&#64;2c50b0a, tag=null, root-is-layout-requested=false, has-input-connection=false, x=196.0, y=898.0, text=Horizontal, input-type=0, ime-target=false, has-links=false, is-checked=false}
|
+------&gt;MaterialButton{id=2131231204, res-name=vertical_btn, visibility=VISIBLE, width=688, height=132, has-focus=false, has-focusable=true, has-window-focus=true, is-clickable=true, is-enabled=true, is-focused=false, is-focusable=true, is-layout-requested=false, is-selected=false, layout-params=androidx.constraintlayout.widget.ConstraintLayout$LayoutParams&#64;afeef7b, tag=null, root-is-layout-requested=false, has-input-connection=false, x=196.0, y=766.0, text=Vertical, input-type=0, ime-target=false, has-links=false, is-checked=false}
|
+------&gt;MaterialButton{id=2131230936, res-name=grid_btn, visibility=VISIBLE, width=688, height=132, has-focus=false, has-focusable=true, has-window-focus=true, is-clickable=true, is-enabled=true, is-focused=false, is-focusable=true, is-layout-requested=false, is-selected=false, layout-params=androidx.constraintlayout.widget.ConstraintLayout$LayoutParams&#64;fa5a198, tag=null, root-is-layout-requested=false, has-input-connection=false, x=196.0, y=1030.0, text=Grid, input-type=0, ime-target=false, has-links=false, is-checked=false}
|
+----&gt;ActionBarContainer{id=2131230774, res-name=action_bar_container, visibility=VISIBLE, width=1080, height=154, has-focus=false, has-focusable=false, has-window-focus=true, is-clickable=false, is-enabled=true, is-focused=false, is-focusable=false, is-layout-requested=false, is-selected=false, layout-params=androidx.appcompat.widget.ActionBarOverlayLayout$LayoutParams&#64;1030857, tag=null, root-is-layout-requested=false, has-input-connection=false, x=0.0, y=0.0, child-count=2}
|
+-----&gt;Toolbar{id=2131230772, res-name=action_bar, visibility=VISIBLE, width=1080, height=154, has-focus=false, has-focusable=false, has-window-focus=true, is-clickable=false, is-enabled=true, is-focused=false, is-focusable=false, is-layout-requested=false, is-selected=false, layout-params=android.widget.FrameLayout$LayoutParams&#64;ac3f162, tag=null, root-is-layout-requested=false, has-input-connection=false, x=0.0, y=0.0, child-count=2}
|
+------&gt;AppCompatTextView{id=-1, visibility=VISIBLE, width=225, height=74, has-focus=false, has-focusable=false, has-window-focus=true, is-clickable=false, is-enabled=true, is-focused=false, is-focusable=false, is-layout-requested=false, is-selected=false, layout-params=androidx.appcompat.widget.Toolbar$LayoutParams&#64;cc5d2f3, tag=null, root-is-layout-requested=false, has-input-connection=false, x=44.0, y=40.0, text=Dogglers, input-type=0, ime-target=false, has-links=false}
|
+------&gt;ActionMenuView{id=-1, visibility=VISIBLE, width=0, height=154, has-focus=false, has-focusable=false, has-window-focus=true, is-clickable=false, is-enabled=true, is-focused=false, is-focusable=false, is-layout-requested=false, is-selected=false, layout-params=androidx.appcompat.widget.Toolbar$LayoutParams&#64;1730bb0, tag=null, root-is-layout-requested=false, has-input-connection=false, x=1080.0, y=0.0, child-count=0}
|
+-----&gt;ActionBarContextView{id=2131230780, res-name=action_context_bar, visibility=GONE, width=0, height=0, has-focus=false, has-focusable=false, has-window-focus=true, is-clickable=false, is-enabled=true, is-focused=false, is-focusable=false, is-layout-requested=true, is-selected=false, layout-params=android.widget.FrameLayout$LayoutParams&#64;5abca29, tag=null, root-is-layout-requested=false, has-input-connection=false, x=0.0, y=0.0, child-count=0}
|
+-&gt;View{id=16908336, res-name=navigationBarBackground, visibility=VISIBLE, width=1080, height=132, has-focus=false, has-focusable=false, has-window-focus=true, is-clickable=false, is-enabled=true, is-focused=false, is-focusable=false, is-layout-requested=false, is-selected=false, layout-params=android.widget.FrameLayout$LayoutParams&#64;673c1ae, tag=null, root-is-layout-requested=false, has-input-connection=false, x=0.0, y=2148.0}
|
+-&gt;View{id=16908335, res-name=statusBarBackground, visibility=VISIBLE, width=1080, height=66, has-focus=false, has-focusable=false, has-window-focus=true, is-clickable=false, is-enabled=true, is-focused=false, is-focusable=false, is-layout-requested=false, is-selected=false, layout-params=android.widget.FrameLayout$LayoutParams&#64;ee0ab4f, tag=null, root-is-layout-requested=false, has-input-connection=false, x=0.0, y=0.0}
at dalvik.system.VMStack.getThreadStackTrace(Native Method)
at java.lang.Thread.getStackTrace(Thread.java:1724)
at androidx.test.espresso.base.DefaultFailureHandler.getUserFriendlyError(DefaultFailureHandler.java:12)
at androidx.test.espresso.base.DefaultFailureHandler.handle(DefaultFailureHandler.java:7)
at androidx.test.espresso.ViewInteraction.waitForAndHandleInteractionResults(ViewInteraction.java:8)
at androidx.test.espresso.ViewInteraction.check(ViewInteraction.java:12)
at com.example.dogglers.ButtonTests.clicking_vertical_list_button_displays_vertical_list(ButtonTests.kt:55)</failure>
  </testcase>
  <testcase name="horizontal_list_button_is_displayed" classname="com.example.dogglers.ButtonTests" time="0.783" />
  <testcase name="vertical_list_button_is_displayed" classname="com.example.dogglers.ButtonTests" time="0.783" />
</testsuite>